<?xml version="1.0" encoding="UTF-8"?>
<testsuite xmlns:xsi="http://www.w3.org/2001/XMLSchema-instance" xsi:noNamespaceSchemaLocation="https://maven.apache.org/surefire/maven-surefire-plugin/xsd/surefire-test-report.xsd" name="pl.put.hyperledgerapp.ClientTest" time="0.471" tests="1" errors="1" skipped="0" failures="0">
  <properties>
[...]
</properties>
  <testcase name="testFabCar" classname="pl.put.hyperledgerapp.ClientTest" time="0.47">
    <error message="../fabric-samples/test-network/organizations/peerOrganizations/org1.example.com/connection-org1.yaml (No such file or directory)" type="java.io.FileNotFoundException">java.io.FileNotFoundException: ../fabric-samples/test-network/organizations/peerOrganizations/org1.example.com/connection-org1.yaml (No such file or directory)
	at pl.put.hyperledgerapp.ClientTest.testFabCar(ClientTest.java:15)
</error>
    <system-out><![CDATA[An identity for the admin user "admin" already exists in the wallet
An identity for the user "appUser" already exists in the wallet
]]></system-out>
    <system-err><![CDATA[log4j:WARN No appenders could be found for logger (org.hyperledger.fabric_ca.sdk.helper.Config).
log4j:WARN Please initialize the log4j system properly.
log4j:WARN See http://logging.apache.org/log4j/1.2/faq.html#noconfig for more info.
]]></system-err>
  </testcase>
</testsuite>